0 info it worked if it ends with ok
1 verbose cli [ '/home/cheges/.nvm/v0.8.28/bin/node',
1 verbose cli   '/home/cheges/.nvm/v0.8.28/bin/npm',
1 verbose cli   'install',
1 verbose cli   '--prefix',
1 verbose cli   'client' ]
2 info using npm@1.2.30
3 info using node@v0.8.28
4 verbose read json /home/cheges/Desktop/FI-labs/phase-4-authorizing-requests-lab/client/package.json
5 warn package.json client@0.1.0 No repository field.
6 verbose readDependencies using package.json deps
7 verbose install where, deps [ '/home/cheges/Desktop/FI-labs/phase-4-authorizing-requests-lab/client',
7 verbose install   [ '@testing-library/jest-dom',
7 verbose install     '@testing-library/react',
7 verbose install     '@testing-library/user-event',
7 verbose install     'react',
7 verbose install     'react-dom',
7 verbose install     'react-markdown',
7 verbose install     'react-router-dom',
7 verbose install     'react-scripts',
7 verbose install     'web-vitals' ] ]
8 verbose from cache /home/cheges/Desktop/FI-labs/phase-4-authorizing-requests-lab/client/package.json
9 info preinstall client@0.1.0
10 verbose from cache /home/cheges/Desktop/FI-labs/phase-4-authorizing-requests-lab/client/package.json
11 verbose readDependencies using package.json deps
12 verbose cache add [ '@testing-library/jest-dom@^5.12.0', null ]
13 verbose cache add name=undefined spec="@testing-library/jest-dom@^5.12.0" args=["@testing-library/jest-dom@^5.12.0",null]
14 verbose parsed url { pathname: '@testing-library/jest-dom@^5.12.0',
14 verbose parsed url   path: '@testing-library/jest-dom@^5.12.0',
14 verbose parsed url   href: '@testing-library/jest-dom@^5.12.0' }
15 verbose cache add name="" spec="testing-library/jest-dom@^5.12.0" args=["","testing-library/jest-dom@^5.12.0"]
16 verbose parsed url { pathname: 'testing-library/jest-dom@^5.12.0',
16 verbose parsed url   path: 'testing-library/jest-dom@^5.12.0',
16 verbose parsed url   href: 'testing-library/jest-dom@^5.12.0' }
17 verbose cache add name="testing-library/jest-dom" spec="^5.12.0" args=["testing-library/jest-dom","^5.12.0"]
18 verbose parsed url { pathname: '^5.12.0', path: '^5.12.0', href: '^5.12.0' }
19 verbose addNamed [ 'testing-library/jest-dom', '^5.12.0' ]
20 verbose addNamed [ null, null ]
21 verbose cache add [ '@testing-library/react@^11.2.7', null ]
22 verbose cache add name=undefined spec="@testing-library/react@^11.2.7" args=["@testing-library/react@^11.2.7",null]
23 verbose parsed url { pathname: '@testing-library/react@^11.2.7',
23 verbose parsed url   path: '@testing-library/react@^11.2.7',
23 verbose parsed url   href: '@testing-library/react@^11.2.7' }
24 verbose cache add name="" spec="testing-library/react@^11.2.7" args=["","testing-library/react@^11.2.7"]
25 verbose parsed url { pathname: 'testing-library/react@^11.2.7',
25 verbose parsed url   path: 'testing-library/react@^11.2.7',
25 verbose parsed url   href: 'testing-library/react@^11.2.7' }
26 verbose cache add name="testing-library/react" spec="^11.2.7" args=["testing-library/react","^11.2.7"]
27 verbose parsed url { pathname: '^11.2.7', path: '^11.2.7', href: '^11.2.7' }
28 verbose addNamed [ 'testing-library/react', '^11.2.7' ]
29 verbose addNamed [ null, null ]
30 verbose cache add [ '@testing-library/user-event@^12.8.3', null ]
31 verbose cache add name=undefined spec="@testing-library/user-event@^12.8.3" args=["@testing-library/user-event@^12.8.3",null]
32 verbose parsed url { pathname: '@testing-library/user-event@^12.8.3',
32 verbose parsed url   path: '@testing-library/user-event@^12.8.3',
32 verbose parsed url   href: '@testing-library/user-event@^12.8.3' }
33 verbose cache add name="" spec="testing-library/user-event@^12.8.3" args=["","testing-library/user-event@^12.8.3"]
34 verbose parsed url { pathname: 'testing-library/user-event@^12.8.3',
34 verbose parsed url   path: 'testing-library/user-event@^12.8.3',
34 verbose parsed url   href: 'testing-library/user-event@^12.8.3' }
35 verbose cache add name="testing-library/user-event" spec="^12.8.3" args=["testing-library/user-event","^12.8.3"]
36 verbose parsed url { pathname: '^12.8.3', path: '^12.8.3', href: '^12.8.3' }
37 verbose addNamed [ 'testing-library/user-event', '^12.8.3' ]
38 verbose addNamed [ null, null ]
39 silly lockFile 9cad928f-testing-library-jest-dom-5-12-0 testing-library/jest-dom@^5.12.0
40 verbose lock testing-library/jest-dom@^5.12.0 /home/cheges/.npm/9cad928f-testing-library-jest-dom-5-12-0.lock
41 silly lockFile c799d640-testing-library-react-11-2-7 testing-library/react@^11.2.7
42 verbose lock testing-library/react@^11.2.7 /home/cheges/.npm/c799d640-testing-library-react-11-2-7.lock
43 silly lockFile d6b18077-esting-library-user-event-12-8-3 testing-library/user-event@^12.8.3
44 verbose lock testing-library/user-event@^12.8.3 /home/cheges/.npm/d6b18077-esting-library-user-event-12-8-3.lock
45 info addNameTag [ 'testing-library/jest-dom', '^5.12.0' ]
46 info addNameTag [ 'testing-library/react', '^11.2.7' ]
47 info addNameTag [ 'testing-library/user-event', '^12.8.3' ]
48 verbose url raw testing-library/jest-dom
49 verbose url resolving [ 'https://registry.npmjs.org/', './testing-library/jest-dom' ]
50 verbose url resolved https://registry.npmjs.org/testing-library/jest-dom
51 info trying registry request attempt 1 at 22:47:24
52 http GET https://registry.npmjs.org/testing-library/jest-dom
53 verbose url raw testing-library/react
54 verbose url resolving [ 'https://registry.npmjs.org/', './testing-library/react' ]
55 verbose url resolved https://registry.npmjs.org/testing-library/react
56 info trying registry request attempt 1 at 22:47:24
57 http GET https://registry.npmjs.org/testing-library/react
58 verbose url raw testing-library/user-event
59 verbose url resolving [ 'https://registry.npmjs.org/',
59 verbose url resolving   './testing-library/user-event' ]
60 verbose url resolved https://registry.npmjs.org/testing-library/user-event
61 info trying registry request attempt 1 at 22:47:24
62 http GET https://registry.npmjs.org/testing-library/user-event
63 verbose cache add [ 'react@^17.0.2', null ]
64 verbose cache add name=undefined spec="react@^17.0.2" args=["react@^17.0.2",null]
65 verbose parsed url { pathname: 'react@^17.0.2',
65 verbose parsed url   path: 'react@^17.0.2',
65 verbose parsed url   href: 'react@^17.0.2' }
66 verbose cache add name="react" spec="^17.0.2" args=["react","^17.0.2"]
67 verbose parsed url { pathname: '^17.0.2', path: '^17.0.2', href: '^17.0.2' }
68 verbose addNamed [ 'react', '^17.0.2' ]
69 verbose addNamed [ null, null ]
70 silly lockFile c393daac-react-17-0-2 react@^17.0.2
71 verbose lock react@^17.0.2 /home/cheges/.npm/c393daac-react-17-0-2.lock
72 verbose cache add [ 'react-dom@^17.0.2', null ]
73 verbose cache add name=undefined spec="react-dom@^17.0.2" args=["react-dom@^17.0.2",null]
74 verbose parsed url { pathname: 'react-dom@^17.0.2',
74 verbose parsed url   path: 'react-dom@^17.0.2',
74 verbose parsed url   href: 'react-dom@^17.0.2' }
75 verbose cache add name="react-dom" spec="^17.0.2" args=["react-dom","^17.0.2"]
76 verbose parsed url { pathname: '^17.0.2', path: '^17.0.2', href: '^17.0.2' }
77 verbose addNamed [ 'react-dom', '^17.0.2' ]
78 verbose addNamed [ null, null ]
79 silly lockFile 01349b31-react-dom-17-0-2 react-dom@^17.0.2
80 verbose lock react-dom@^17.0.2 /home/cheges/.npm/01349b31-react-dom-17-0-2.lock
81 verbose cache add [ 'react-markdown@^6.0.2', null ]
82 verbose cache add name=undefined spec="react-markdown@^6.0.2" args=["react-markdown@^6.0.2",null]
83 verbose parsed url { pathname: 'react-markdown@^6.0.2',
83 verbose parsed url   path: 'react-markdown@^6.0.2',
83 verbose parsed url   href: 'react-markdown@^6.0.2' }
84 verbose cache add name="react-markdown" spec="^6.0.2" args=["react-markdown","^6.0.2"]
85 verbose parsed url { pathname: '^6.0.2', path: '^6.0.2', href: '^6.0.2' }
86 verbose addNamed [ 'react-markdown', '^6.0.2' ]
87 verbose addNamed [ null, null ]
88 silly lockFile d8bfac47-react-markdown-6-0-2 react-markdown@^6.0.2
89 verbose lock react-markdown@^6.0.2 /home/cheges/.npm/d8bfac47-react-markdown-6-0-2.lock
90 verbose cache add [ 'react-router-dom@^5.2.0', null ]
91 verbose cache add name=undefined spec="react-router-dom@^5.2.0" args=["react-router-dom@^5.2.0",null]
92 verbose parsed url { pathname: 'react-router-dom@^5.2.0',
92 verbose parsed url   path: 'react-router-dom@^5.2.0',
92 verbose parsed url   href: 'react-router-dom@^5.2.0' }
93 verbose cache add name="react-router-dom" spec="^5.2.0" args=["react-router-dom","^5.2.0"]
94 verbose parsed url { pathname: '^5.2.0', path: '^5.2.0', href: '^5.2.0' }
95 verbose addNamed [ 'react-router-dom', '^5.2.0' ]
96 verbose addNamed [ null, null ]
97 silly lockFile b516520a-react-router-dom-5-2-0 react-router-dom@^5.2.0
98 verbose lock react-router-dom@^5.2.0 /home/cheges/.npm/b516520a-react-router-dom-5-2-0.lock
99 verbose cache add [ 'react-scripts@4.0.3', null ]
100 verbose cache add name=undefined spec="react-scripts@4.0.3" args=["react-scripts@4.0.3",null]
101 verbose parsed url { pathname: 'react-scripts@4.0.3',
101 verbose parsed url   path: 'react-scripts@4.0.3',
101 verbose parsed url   href: 'react-scripts@4.0.3' }
102 verbose cache add name="react-scripts" spec="4.0.3" args=["react-scripts","4.0.3"]
103 verbose parsed url { pathname: '4.0.3', path: '4.0.3', href: '4.0.3' }
104 verbose addNamed [ 'react-scripts', '4.0.3' ]
105 verbose addNamed [ '4.0.3', '4.0.3' ]
106 silly lockFile dd6b248b-react-scripts-4-0-3 react-scripts@4.0.3
107 verbose lock react-scripts@4.0.3 /home/cheges/.npm/dd6b248b-react-scripts-4-0-3.lock
108 verbose cache add [ 'web-vitals@^1.1.2', null ]
109 verbose cache add name=undefined spec="web-vitals@^1.1.2" args=["web-vitals@^1.1.2",null]
110 verbose parsed url { pathname: 'web-vitals@^1.1.2',
110 verbose parsed url   path: 'web-vitals@^1.1.2',
110 verbose parsed url   href: 'web-vitals@^1.1.2' }
111 verbose cache add name="web-vitals" spec="^1.1.2" args=["web-vitals","^1.1.2"]
112 verbose parsed url { pathname: '^1.1.2', path: '^1.1.2', href: '^1.1.2' }
113 verbose addNamed [ 'web-vitals', '^1.1.2' ]
114 verbose addNamed [ null, null ]
115 silly lockFile 6c680abb-web-vitals-1-1-2 web-vitals@^1.1.2
116 verbose lock web-vitals@^1.1.2 /home/cheges/.npm/6c680abb-web-vitals-1-1-2.lock
117 info addNameTag [ 'react', '^17.0.2' ]
118 info addNameTag [ 'react-dom', '^17.0.2' ]
119 info addNameTag [ 'react-markdown', '^6.0.2' ]
120 info addNameTag [ 'react-router-dom', '^5.2.0' ]
121 info addNameTag [ 'web-vitals', '^1.1.2' ]
122 verbose url raw react
123 verbose url resolving [ 'https://registry.npmjs.org/', './react' ]
124 verbose url resolved https://registry.npmjs.org/react
125 info trying registry request attempt 1 at 22:47:24
126 http GET https://registry.npmjs.org/react
127 verbose url raw react-dom
128 verbose url resolving [ 'https://registry.npmjs.org/', './react-dom' ]
129 verbose url resolved https://registry.npmjs.org/react-dom
130 info trying registry request attempt 1 at 22:47:24
131 http GET https://registry.npmjs.org/react-dom
132 verbose url raw react-markdown
133 verbose url resolving [ 'https://registry.npmjs.org/', './react-markdown' ]
134 verbose url resolved https://registry.npmjs.org/react-markdown
135 info trying registry request attempt 1 at 22:47:24
136 http GET https://registry.npmjs.org/react-markdown
137 verbose url raw react-router-dom
138 verbose url resolving [ 'https://registry.npmjs.org/', './react-router-dom' ]
139 verbose url resolved https://registry.npmjs.org/react-router-dom
140 info trying registry request attempt 1 at 22:47:24
141 http GET https://registry.npmjs.org/react-router-dom
142 verbose url raw react-scripts/4.0.3
143 verbose url resolving [ 'https://registry.npmjs.org/', './react-scripts/4.0.3' ]
144 verbose url resolved https://registry.npmjs.org/react-scripts/4.0.3
145 info trying registry request attempt 1 at 22:47:24
146 http GET https://registry.npmjs.org/react-scripts/4.0.3
147 verbose url raw web-vitals
148 verbose url resolving [ 'https://registry.npmjs.org/', './web-vitals' ]
149 verbose url resolved https://registry.npmjs.org/web-vitals
150 info trying registry request attempt 1 at 22:47:24
151 http GET https://registry.npmjs.org/web-vitals
152 info retry will retry, error on last attempt: Error: 139969224517440:error:1407742E:SSL routines:SSL23_GET_SERVER_HELLO:tlsv1 alert protocol version:../deps/openssl/openssl/ssl/s23_clnt.c:658:
153 info retry will retry, error on last attempt: Error: 139969224517440:error:1407742E:SSL routines:SSL23_GET_SERVER_HELLO:tlsv1 alert protocol version:../deps/openssl/openssl/ssl/s23_clnt.c:658:
154 info retry will retry, error on last attempt: Error: 139969224517440:error:1407742E:SSL routines:SSL23_GET_SERVER_HELLO:tlsv1 alert protocol version:../deps/openssl/openssl/ssl/s23_clnt.c:658:
155 info retry will retry, error on last attempt: Error: 139969224517440:error:1407742E:SSL routines:SSL23_GET_SERVER_HELLO:tlsv1 alert protocol version:../deps/openssl/openssl/ssl/s23_clnt.c:658:
156 info retry will retry, error on last attempt: Error: 139969224517440:error:1407742E:SSL routines:SSL23_GET_SERVER_HELLO:tlsv1 alert protocol version:../deps/openssl/openssl/ssl/s23_clnt.c:658:
157 info retry will retry, error on last attempt: Error: 139969224517440:error:1407742E:SSL routines:SSL23_GET_SERVER_HELLO:tlsv1 alert protocol version:../deps/openssl/openssl/ssl/s23_clnt.c:658:
158 info retry will retry, error on last attempt: Error: 139969224517440:error:1407742E:SSL routines:SSL23_GET_SERVER_HELLO:tlsv1 alert protocol version:../deps/openssl/openssl/ssl/s23_clnt.c:658:
159 info retry will retry, error on last attempt: Error: 139969224517440:error:1407742E:SSL routines:SSL23_GET_SERVER_HELLO:tlsv1 alert protocol version:../deps/openssl/openssl/ssl/s23_clnt.c:658:
160 info retry will retry, error on last attempt: Error: 139969224517440:error:1407742E:SSL routines:SSL23_GET_SERVER_HELLO:tlsv1 alert protocol version:../deps/openssl/openssl/ssl/s23_clnt.c:658:
161 info trying registry request attempt 2 at 22:47:34
162 http GET https://registry.npmjs.org/react
163 info trying registry request attempt 2 at 22:47:34
164 http GET https://registry.npmjs.org/testing-library/react
165 info trying registry request attempt 2 at 22:47:34
166 http GET https://registry.npmjs.org/testing-library/jest-dom
167 info trying registry request attempt 2 at 22:47:34
168 http GET https://registry.npmjs.org/testing-library/user-event
169 info trying registry request attempt 2 at 22:47:34
170 http GET https://registry.npmjs.org/react-dom
171 info trying registry request attempt 2 at 22:47:35
172 http GET https://registry.npmjs.org/react-markdown
173 info trying registry request attempt 2 at 22:47:35
174 http GET https://registry.npmjs.org/react-scripts/4.0.3
175 info trying registry request attempt 2 at 22:47:35
176 http GET https://registry.npmjs.org/web-vitals
177 info trying registry request attempt 2 at 22:47:35
178 http GET https://registry.npmjs.org/react-router-dom
179 info retry will retry, error on last attempt: Error: 139969224517440:error:1407742E:SSL routines:SSL23_GET_SERVER_HELLO:tlsv1 alert protocol version:../deps/openssl/openssl/ssl/s23_clnt.c:658:
180 info retry will retry, error on last attempt: Error: 139969224517440:error:1407742E:SSL routines:SSL23_GET_SERVER_HELLO:tlsv1 alert protocol version:../deps/openssl/openssl/ssl/s23_clnt.c:658:
181 info retry will retry, error on last attempt: Error: 139969224517440:error:1407742E:SSL routines:SSL23_GET_SERVER_HELLO:tlsv1 alert protocol version:../deps/openssl/openssl/ssl/s23_clnt.c:658:
182 info retry will retry, error on last attempt: Error: 139969224517440:error:1407742E:SSL routines:SSL23_GET_SERVER_HELLO:tlsv1 alert protocol version:../deps/openssl/openssl/ssl/s23_clnt.c:658:
183 info retry will retry, error on last attempt: Error: 139969224517440:error:1407742E:SSL routines:SSL23_GET_SERVER_HELLO:tlsv1 alert protocol version:../deps/openssl/openssl/ssl/s23_clnt.c:658:
184 info retry will retry, error on last attempt: Error: 139969224517440:error:1407742E:SSL routines:SSL23_GET_SERVER_HELLO:tlsv1 alert protocol version:../deps/openssl/openssl/ssl/s23_clnt.c:658:
185 info retry will retry, error on last attempt: Error: 139969224517440:error:1407742E:SSL routines:SSL23_GET_SERVER_HELLO:tlsv1 alert protocol version:../deps/openssl/openssl/ssl/s23_clnt.c:658:
186 info retry will retry, error on last attempt: Error: 139969224517440:error:1407742E:SSL routines:SSL23_GET_SERVER_HELLO:tlsv1 alert protocol version:../deps/openssl/openssl/ssl/s23_clnt.c:658:
187 info retry will retry, error on last attempt: Error: 139969224517440:error:1407742E:SSL routines:SSL23_GET_SERVER_HELLO:tlsv1 alert protocol version:../deps/openssl/openssl/ssl/s23_clnt.c:658:
188 info trying registry request attempt 3 at 22:48:35
189 http GET https://registry.npmjs.org/react-dom
190 info trying registry request attempt 3 at 22:48:35
191 http GET https://registry.npmjs.org/testing-library/jest-dom
192 info trying registry request attempt 3 at 22:48:35
193 http GET https://registry.npmjs.org/testing-library/user-event
194 info trying registry request attempt 3 at 22:48:35
195 http GET https://registry.npmjs.org/react
196 info trying registry request attempt 3 at 22:48:35
197 http GET https://registry.npmjs.org/react-scripts/4.0.3
198 info trying registry request attempt 3 at 22:48:35
199 http GET https://registry.npmjs.org/react-markdown
200 info trying registry request attempt 3 at 22:48:35
201 http GET https://registry.npmjs.org/react-router-dom
202 info trying registry request attempt 3 at 22:48:35
203 http GET https://registry.npmjs.org/web-vitals
204 silly lockFile 9cad928f-testing-library-jest-dom-5-12-0 testing-library/jest-dom@^5.12.0
205 silly lockFile 9cad928f-testing-library-jest-dom-5-12-0 testing-library/jest-dom@^5.12.0
206 silly lockFile c393daac-react-17-0-2 react@^17.0.2
207 silly lockFile c393daac-react-17-0-2 react@^17.0.2
208 silly lockFile 01349b31-react-dom-17-0-2 react-dom@^17.0.2
209 silly lockFile 01349b31-react-dom-17-0-2 react-dom@^17.0.2
210 error Error: 139969224517440:error:1407742E:SSL routines:SSL23_GET_SERVER_HELLO:tlsv1 alert protocol version:../deps/openssl/openssl/ssl/s23_clnt.c:658:
210 error
210 error     at CleartextStream._puller (tls.js:670:24)
210 error     at CleartextStream.CryptoStream._pull (tls.js:604:19)
210 error     at SecurePair.cycle (tls.js:894:20)
210 error     at EncryptedStream.CryptoStream.write (tls.js:285:13)
210 error     at Socket.ondata (stream.js:38:26)
210 error     at Socket.EventEmitter.emit (events.js:96:17)
210 error     at TCP.onread (net.js:397:14)
211 error If you need help, you may report this log at:
211 error     <http://github.com/isaacs/npm/issues>
211 error or email it to:
211 error     <npm-@googlegroups.com>
212 error System Linux 5.15.0-56-generic
213 error command "/home/cheges/.nvm/v0.8.28/bin/node" "/home/cheges/.nvm/v0.8.28/bin/npm" "install" "--prefix" "client"
214 error cwd /home/cheges/Desktop/FI-labs/phase-4-authorizing-requests-lab
215 error node -v v0.8.28
216 error npm -v 1.2.30
217 verbose exit [ 1, true ]
